Building DAG of jobs...
Using shell: /usr/bin/bash
Provided cores: 1
Rules claiming more threads will be scaled down.
Job counts:
	count	jobs
	1	make_inputSubtract_bigwigs
	1

[Wed Oct 24 21:33:14 2018]
Job 0: making input subtracted bigwig for /home/exx/Documents/bash_flow-CHIPseq-master/04.aln_downsample/SRR2518124-downsample.sorted.bam /home/exx/Documents/bash_flow-CHIPseq-master/04.aln_downsample/SRR2518123-downsample.sorted.bam /home/exx/Documents/bash_flow-CHIPseq-master/04.aln_downsample/SRR2518124-downsample.sorted.bam.bai /home/exx/Documents/bash_flow-CHIPseq-master/04.aln_downsample/SRR2518123-downsample.sorted.bam.bai

[Wed Oct 24 21:33:14 2018]
Error in rule make_inputSubtract_bigwigs:
    jobid: 0
    output: /home/exx/Documents/bash_flow-CHIPseq-master/06.bigwig_inputSubtract/SRR2518123_subtract_SRR2518124.bw
    log: /home/exx/Documents/bash_flow-CHIPseq-master/00.log/SRR2518124_inputSubtract.makebw

RuleException:
CalledProcessError in line 10 of /home/exx/Documents/bash_flow-CHIPseq-master/running.scripts/make_inputSubtract_bigwigs.snakefile_23-24:
Command ' set -euo pipefail;  
	source activate root
        bamCompare --bamfile1 /home/exx/Documents/bash_flow-CHIPseq-master/04.aln_downsample/SRR2518123-downsample.sorted.bam --bamfile2 /home/exx/Documents/bash_flow-CHIPseq-master/04.aln_downsample/SRR2518124-downsample.sorted.bam --normalizeUsing RPKM --ratio subtract --binSize 30 --smoothLength 300 -p 5  --extendReads 200 -o /home/exx/Documents/bash_flow-CHIPseq-master/06.bigwig_inputSubtract/SRR2518123_subtract_SRR2518124.bw 2> /home/exx/Documents/bash_flow-CHIPseq-master/00.log/SRR2518124_inputSubtract.makebw ' returned non-zero exit status 2.
  File "/home/exx/Documents/bash_flow-CHIPseq-master/running.scripts/make_inputSubtract_bigwigs.snakefile_23-24", line 10, in __rule_make_inputSubtract_bigwigs
  File "/root/miniconda3/lib/python3.6/concurrent/futures/thread.py", line 56, in run
Shutting down, this might take some time.
Exiting because a job execution failed. Look above for error message
Complete log: /home/exx/Documents/bash_flow-CHIPseq-master/running.scripts/.snakemake/log/2018-10-24T213313.955337.snakemake.log
